<?xml version="1.0" encoding="UTF-8"?>
<!-- Generated by org.testng.reporters.JUnitReportReporter -->
<testsuite hostname="AbolisMacBook-Pro.local" name="com.qa.HubspotTestCases.ContactPageTest" tests="5" failures="0" timestamp="11 Apr 2020 16:28:31 GMT" time="132.358" errors="0">
  <testcase name="verifyContactsPageTitle" time="21.137" classname="com.qa.HubspotTestCases.ContactPageTest"/>
  <testcase name="createContactsTest" time="26.918" classname="com.qa.HubspotTestCases.ContactPageTest"/>
  <testcase name="createContactsTest" time="27.740" classname="com.qa.HubspotTestCases.ContactPageTest"/>
  <testcase name="createContactsTest" time="29.924" classname="com.qa.HubspotTestCases.ContactPageTest"/>
  <testcase name="createContactsTest" time="26.639" classname="com.qa.HubspotTestCases.ContactPageTest"/>
</testsuite> <!-- com.qa.HubspotTestCases.ContactPageTest -->
